<?xml version="1.0" encoding="UTF-8"?>
<!-- Generated by org.testng.reporters.JUnitReportReporter -->
<testsuite skipped="1" hostname="DESKTOP-K8C90VV" name="test.LoginTest" tests="2" failures="0" timestamp="10 May 2021 11:30:20 GMT" time="12.530" errors="0">
  <testcase name="verifyLogin_invalidcredentials" time="12.530" classname="test.LoginTest"/>
  <testcase name="verifyLogin_validcredentials" classname="test.LoginTest">
    <skipped/>
  </testcase> <!-- verifyLogin_validcredentials -->
</testsuite> <!-- test.LoginTest -->
