<?xml version="1.0" encoding="UTF-8"?>
<!-- Generated by org.testng.reporters.JUnitReportReporter -->
<testsuite hostname="DESKTOP-K8C90VV" name="rough.TestCase4" tests="1" failures="0" timestamp="18 May 2021 14:35:21 GMT" time="16.422" errors="0">
  <testcase name="testTestCase4" time="16.422" classname="rough.TestCase4"/>
</testsuite> <!-- rough.TestCase4 -->
