<?xml version="1.0" encoding="UTF-8"?>
<!-- Generated by org.testng.reporters.JUnitReportReporter -->
<testsuite hostname="DESKTOP-K8C90VV" name="testrunner.TestRunner" tests="1" failures="0" timestamp="8 May 2021 09:17:01 GMT" time="0.041" errors="0">
  <testcase name="feature" time="0.041" classname="testrunner.TestRunner"/>
</testsuite> <!-- testrunner.TestRunner -->
