<?xml version="1.0" encoding="UTF-8"?>
<!-- Generated by org.testng.reporters.JUnitReportReporter -->
<testsuite hostname="DESKTOP-K8C90VV" name="test.LoginTest" tests="1" failures="0" timestamp="10 May 2021 06:21:22 GMT" time="11.728" errors="0">
  <testcase name="verifyLogin_invalidcredentials" time="11.728" classname="test.LoginTest"/>
</testsuite> <!-- test.LoginTest -->
